# JRE version: Java(TM) SE Runtime Environment (22.0.1+8) (build 22.0.1+8-16)
# Java VM: Java HotSpot(TM) 64-Bit Server VM (22.0.1+8-16, mixed mode, emulated-client, sharing, tiered, compressed oops, compressed class ptrs, serial gc, windows-amd64)
GC Precious Log:
 CardTable entry size: 512
 CPUs: 1 total, 1 available
 Memory: 12022M
 Large Page Support: Disabled
 NUMA Support: Disabled
 Compressed Oops: Enabled (Zero based)
 Heap Min Capacity: 8M
 Heap Initial Capacity: 188M
 Heap Max Capacity: 3006M
 Pre-touch: Disabled
Heap:
 def new generation   total 57856K, used 17883K [0x0000000744200000, 0x00000007480c0000, 0x0000000782c00000)
  eden space 51456K,  27% used [0x0000000744200000, 0x0000000744fb11b8, 0x0000000747440000)
  from space 6400K,  60% used [0x0000000747440000, 0x0000000747805e40, 0x0000000747a80000)
  to   space 6400K,   0% used [0x0000000747a80000, 0x0000000747a80000, 0x00000007480c0000)
 tenured generation   total 128384K, used 31481K [0x0000000782c00000, 0x000000078a960000, 0x0000000800000000)
   the space 128384K,  24% used [0x0000000782c00000, 0x0000000784abe538, 0x000000078a960000)
 Metaspace       used 70833K, committed 71744K, reserved 1114112K
  class space    used 10090K, committed 10496K, reserved 1048576K
GC Heap History (20 events):
Event: 5.764 GC heap before
{Heap before GC invocations=12 (full 2):
 def new generation   total 57856K, used 53894K [0x0000000744200000, 0x00000007480c0000, 0x0000000782c00000)
  eden space 51456K, 100% used [0x0000000744200000, 0x0000000747440000, 0x0000000747440000)
  from space 6400K,  38% used [0x0000000747440000, 0x00000007476a1bd8, 0x0000000747a80000)
  to   space 6400K,   0% used [0x0000000747a80000, 0x0000000747a80000, 0x00000007480c0000)
 tenured generation   total 128384K, used 19815K [0x0000000782c00000, 0x000000078a960000, 0x0000000800000000)
   the space 128384K,  15% used [0x0000000782c00000, 0x0000000783f59cf8, 0x000000078a960000)
 Metaspace       used 55195K, committed 55872K, reserved 1114112K
  class space    used 7867K, committed 8192K, reserved 1048576K
}
Event: 5.771 GC heap after
{Heap after GC invocations=13 (full 2):
 def new generation   total 57856K, used 3747K [0x0000000744200000, 0x00000007480c0000, 0x0000000782c00000)
  eden space 51456K,   0% used [0x0000000744200000, 0x0000000744200000, 0x0000000747440000)
  from space 6400K,  58% used [0x0000000747a80000, 0x0000000747e28e18, 0x00000007480c0000)
  to   space 6400K,   0% used [0x0000000747440000, 0x0000000747440000, 0x0000000747a80000)
 tenured generation   total 128384K, used 19815K [0x0000000782c00000, 0x000000078a960000, 0x0000000800000000)
   the space 128384K,  15% used [0x0000000782c00000, 0x0000000783f59cf8, 0x000000078a960000)
 Metaspace       used 55195K, committed 55872K, reserved 1114112K
  class space    used 7867K, committed 8192K, reserved 1048576K
}
Event: 6.008 GC heap before
{Heap before GC invocations=13 (full 2):
 def new generation   total 57856K, used 35312K [0x0000000744200000, 0x00000007480c0000, 0x0000000782c00000)
  eden space 51456K,  61% used [0x0000000744200000, 0x00000007460d34c8, 0x0000000747440000)
  from space 6400K,  58% used [0x0000000747a80000, 0x0000000747e28e18, 0x00000007480c0000)
  to   space 6400K,   0% used [0x0000000747440000, 0x0000000747440000, 0x0000000747a80000)
 tenured generation   total 128384K, used 19815K [0x0000000782c00000, 0x000000078a960000, 0x0000000800000000)
   the space 128384K,  15% used [0x0000000782c00000, 0x0000000783f59cf8, 0x000000078a960000)
 Metaspace       used 59084K, committed 59776K, reserved 1114112K
  class space    used 8399K, committed 8704K, reserved 1048576K
}
Event: 6.052 GC heap after
{Heap after GC invocations=14 (full 3):
 def new generation   total 57856K, used 0K [0x0000000744200000, 0x00000007480c0000, 0x0000000782c00000)
  eden space 51456K,   0% used [0x0000000744200000, 0x0000000744200000, 0x0000000747440000)
  from space 6400K,   0% used [0x0000000747a80000, 0x0000000747a80000, 0x00000007480c0000)
  to   space 6400K,   0% used [0x0000000747440000, 0x0000000747440000, 0x0000000747a80000)
 tenured generation   total 128384K, used 24617K [0x0000000782c00000, 0x000000078a960000, 0x0000000800000000)
   the space 128384K,  19% used [0x0000000782c00000, 0x000000078440a650, 0x000000078a960000)
 Metaspace       used 59084K, committed 59776K, reserved 1114112K
  class space    used 8399K, committed 8704K, reserved 1048576K
}
Event: 6.677 GC heap before
{Heap before GC invocations=14 (full 3):
 def new generation   total 57856K, used 51456K [0x0000000744200000, 0x00000007480c0000, 0x0000000782c00000)
  eden space 51456K, 100% used [0x0000000744200000, 0x0000000747440000, 0x0000000747440000)
  from space 6400K,   0% used [0x0000000747a80000, 0x0000000747a80000, 0x00000007480c0000)
  to   space 6400K,   0% used [0x0000000747440000, 0x0000000747440000, 0x0000000747a80000)
 tenured generation   total 128384K, used 24617K [0x0000000782c00000, 0x000000078a960000, 0x0000000800000000)
   the space 128384K,  19% used [0x0000000782c00000, 0x000000078440a650, 0x000000078a960000)
 Metaspace       used 62387K, committed 63104K, reserved 1114112K
  class space    used 8965K, committed 9280K, reserved 1048576K
}
Event: 6.684 GC heap after
{Heap after GC invocations=15 (full 3):
 def new generation   total 57856K, used 3114K [0x0000000744200000, 0x00000007480c0000, 0x0000000782c00000)
  eden space 51456K,   0% used [0x0000000744200000, 0x0000000744200000, 0x0000000747440000)
  from space 6400K,  48% used [0x0000000747440000, 0x000000074774ab50, 0x0000000747a80000)
  to   space 6400K,   0% used [0x0000000747a80000, 0x0000000747a80000, 0x00000007480c0000)
 tenured generation   total 128384K, used 24617K [0x0000000782c00000, 0x000000078a960000, 0x0000000800000000)
   the space 128384K,  19% used [0x0000000782c00000, 0x000000078440a650, 0x000000078a960000)
 Metaspace       used 62387K, committed 63104K, reserved 1114112K
  class space    used 8965K, committed 9280K, reserved 1048576K
}
Event: 13.975 GC heap before
{Heap before GC invocations=15 (full 3):
 def new generation   total 57856K, used 54570K [0x0000000744200000, 0x00000007480c0000, 0x0000000782c00000)
  eden space 51456K, 100% used [0x0000000744200000, 0x0000000747440000, 0x0000000747440000)
  from space 6400K,  48% used [0x0000000747440000, 0x000000074774ab50, 0x0000000747a80000)
  to   space 6400K,   0% used [0x0000000747a80000, 0x0000000747a80000, 0x00000007480c0000)
 tenured generation   total 128384K, used 24617K [0x0000000782c00000, 0x000000078a960000, 0x0000000800000000)
   the space 128384K,  19% used [0x0000000782c00000, 0x000000078440a650, 0x000000078a960000)
 Metaspace       used 66241K, committed 67008K, reserved 1114112K
  class space    used 9541K, committed 9920K, reserved 1048576K
}
Event: 13.986 GC heap after
{Heap after GC invocations=16 (full 3):
 def new generation   total 57856K, used 5296K [0x0000000744200000, 0x00000007480c0000, 0x0000000782c00000)
  eden space 51456K,   0% used [0x0000000744200000, 0x0000000744200000, 0x0000000747440000)
  from space 6400K,  82% used [0x0000000747a80000, 0x0000000747fac058, 0x00000007480c0000)
  to   space 6400K,   0% used [0x0000000747440000, 0x0000000747440000, 0x0000000747a80000)
 tenured generation   total 128384K, used 24617K [0x0000000782c00000, 0x000000078a960000, 0x0000000800000000)
   the space 128384K,  19% used [0x0000000782c00000, 0x000000078440a650, 0x000000078a960000)
 Metaspace       used 66241K, committed 67008K, reserved 1114112K
  class space    used 9541K, committed 9920K, reserved 1048576K
}
Event: 138.790 GC heap before
{Heap before GC invocations=16 (full 3):
 def new generation   total 57856K, used 52640K [0x0000000744200000, 0x00000007480c0000, 0x0000000782c00000)
  eden space 51456K,  92% used [0x0000000744200000, 0x000000074703c008, 0x0000000747440000)
  from space 6400K,  82% used [0x0000000747a80000, 0x0000000747fac058, 0x00000007480c0000)
  to   space 6400K,   0% used [0x0000000747440000, 0x0000000747440000, 0x0000000747a80000)
 tenured generation   total 128384K, used 24617K [0x0000000782c00000, 0x000000078a960000, 0x0000000800000000)
   the space 128384K,  19% used [0x0000000782c00000, 0x000000078440a650, 0x000000078a960000)
 Metaspace       used 70097K, committed 70912K, reserved 1114112K
  class space    used 10086K, committed 10432K, reserved 1048576K
}
Event: 138.857 GC heap after
{Heap after GC invocations=17 (full 4):
 def new generation   total 57856K, used 0K [0x0000000744200000, 0x00000007480c0000, 0x0000000782c00000)
  eden space 51456K,   0% used [0x0000000744200000, 0x0000000744200000, 0x0000000747440000)
  from space 6400K,   0% used [0x0000000747a80000, 0x0000000747a80000, 0x00000007480c0000)
  to   space 6400K,   0% used [0x0000000747440000, 0x0000000747440000, 0x0000000747a80000)
 tenured generation   total 128384K, used 25959K [0x0000000782c00000, 0x000000078a960000, 0x0000000800000000)
   the space 128384K,  20% used [0x0000000782c00000, 0x0000000784559e38, 0x000000078a960000)
 Metaspace       used 70097K, committed 70912K, reserved 1114112K
  class space    used 10086K, committed 10432K, reserved 1048576K
}
Event: 139.979 GC heap before
{Heap before GC invocations=17 (full 4):
 def new generation   total 57856K, used 51456K [0x0000000744200000, 0x00000007480c0000, 0x0000000782c00000)
  eden space 51456K, 100% used [0x0000000744200000, 0x0000000747440000, 0x0000000747440000)
  from space 6400K,   0% used [0x0000000747a80000, 0x0000000747a80000, 0x00000007480c0000)
  to   space 6400K,   0% used [0x0000000747440000, 0x0000000747440000, 0x0000000747a80000)
 tenured generation   total 128384K, used 25959K [0x0000000782c00000, 0x000000078a960000, 0x0000000800000000)
   the space 128384K,  20% used [0x0000000782c00000, 0x0000000784559e38, 0x000000078a960000)
 Metaspace       used 70230K, committed 70976K, reserved 1114112K
  class space    used 10104K, committed 10432K, reserved 1048576K
}
Event: 139.988 GC heap after
{Heap after GC invocations=18 (full 4):
 def new generation   total 57856K, used 3676K [0x0000000744200000, 0x00000007480c0000, 0x0000000782c00000)
  eden space 51456K,   0% used [0x0000000744200000, 0x0000000744200000, 0x0000000747440000)
  from space 6400K,  57% used [0x0000000747440000, 0x00000007477d7290, 0x0000000747a80000)
  to   space 6400K,   0% used [0x0000000747a80000, 0x0000000747a80000, 0x00000007480c0000)
 tenured generation   total 128384K, used 25959K [0x0000000782c00000, 0x000000078a960000, 0x0000000800000000)
   the space 128384K,  20% used [0x0000000782c00000, 0x0000000784559e38, 0x000000078a960000)
 Metaspace       used 70230K, committed 70976K, reserved 1114112K
  class space    used 10104K, committed 10432K, reserved 1048576K
}
Event: 404.033 GC heap before
{Heap before GC invocations=18 (full 4):
 def new generation   total 57856K, used 42022K [0x0000000744200000, 0x00000007480c0000, 0x0000000782c00000)
  eden space 51456K,  74% used [0x0000000744200000, 0x0000000746772920, 0x0000000747440000)
  from space 6400K,  57% used [0x0000000747440000, 0x00000007477d7290, 0x0000000747a80000)
  to   space 6400K,   0% used [0x0000000747a80000, 0x0000000747a80000, 0x00000007480c0000)
 tenured generation   total 128384K, used 25959K [0x0000000782c00000, 0x000000078a960000, 0x0000000800000000)
   the space 128384K,  20% used [0x0000000782c00000, 0x0000000784559e38, 0x000000078a960000)
 Metaspace       used 70475K, committed 71296K, reserved 1114112K
  class space    used 10122K, committed 10496K, reserved 1048576K
}
Event: 404.094 GC heap after
{Heap after GC invocations=19 (full 5):
 def new generation   total 57856K, used 0K [0x0000000744200000, 0x00000007480c0000, 0x0000000782c00000)
  eden space 51456K,   0% used [0x0000000744200000, 0x0000000744200000, 0x0000000747440000)
  from space 6400K,   0% used [0x0000000747440000, 0x0000000747440000, 0x0000000747a80000)
  to   space 6400K,   0% used [0x0000000747a80000, 0x0000000747a80000, 0x00000007480c0000)
 tenured generation   total 128384K, used 28715K [0x0000000782c00000, 0x000000078a960000, 0x0000000800000000)
   the space 128384K,  22% used [0x0000000782c00000, 0x000000078480adc8, 0x000000078a960000)
 Metaspace       used 70457K, committed 71296K, reserved 1114112K
  class space    used 10120K, committed 10496K, reserved 1048576K
}
Event: 405.170 GC heap before
{Heap before GC invocations=19 (full 5):
 def new generation   total 57856K, used 51456K [0x0000000744200000, 0x00000007480c0000, 0x0000000782c00000)
  eden space 51456K, 100% used [0x0000000744200000, 0x0000000747440000, 0x0000000747440000)
  from space 6400K,   0% used [0x0000000747440000, 0x0000000747440000, 0x0000000747a80000)
  to   space 6400K,   0% used [0x0000000747a80000, 0x0000000747a80000, 0x00000007480c0000)
 tenured generation   total 128384K, used 28715K [0x0000000782c00000, 0x000000078a960000, 0x0000000800000000)
   the space 128384K,  22% used [0x0000000782c00000, 0x000000078480adc8, 0x000000078a960000)
 Metaspace       used 70585K, committed 71360K, reserved 1114112K
  class space    used 10137K, committed 10496K, reserved 1048576K
}
Event: 405.178 GC heap after
{Heap after GC invocations=20 (full 5):
 def new generation   total 57856K, used 3675K [0x0000000744200000, 0x00000007480c0000, 0x0000000782c00000)
  eden space 51456K,   0% used [0x0000000744200000, 0x0000000744200000, 0x0000000747440000)
  from space 6400K,  57% used [0x0000000747a80000, 0x0000000747e16e68, 0x00000007480c0000)
  to   space 6400K,   0% used [0x0000000747440000, 0x0000000747440000, 0x0000000747a80000)
 tenured generation   total 128384K, used 28715K [0x0000000782c00000, 0x000000078a960000, 0x0000000800000000)
   the space 128384K,  22% used [0x0000000782c00000, 0x000000078480adc8, 0x000000078a960000)
 Metaspace       used 70585K, committed 71360K, reserved 1114112K
  class space    used 10137K, committed 10496K, reserved 1048576K
}
Event: 412.714 GC heap before
{Heap before GC invocations=20 (full 5):
 def new generation   total 57856K, used 34506K [0x0000000744200000, 0x00000007480c0000, 0x0000000782c00000)
  eden space 51456K,  59% used [0x0000000744200000, 0x000000074601bb78, 0x0000000747440000)
  from space 6400K,  57% used [0x0000000747a80000, 0x0000000747e16e68, 0x00000007480c0000)
  to   space 6400K,   0% used [0x0000000747440000, 0x0000000747440000, 0x0000000747a80000)
 tenured generation   total 128384K, used 28715K [0x0000000782c00000, 0x000000078a960000, 0x0000000800000000)
   the space 128384K,  22% used [0x0000000782c00000, 0x000000078480adc8, 0x000000078a960000)
 Metaspace       used 70825K, committed 71616K, reserved 1114112K
  class space    used 10153K, committed 10496K, reserved 1048576K
}
Event: 412.775 GC heap after
{Heap after GC invocations=21 (full 6):
 def new generation   total 57856K, used 0K [0x0000000744200000, 0x00000007480c0000, 0x0000000782c00000)
  eden space 51456K,   0% used [0x0000000744200000, 0x0000000744200000, 0x0000000747440000)
  from space 6400K,   0% used [0x0000000747a80000, 0x0000000747a80000, 0x00000007480c0000)
  to   space 6400K,   0% used [0x0000000747440000, 0x0000000747440000, 0x0000000747a80000)
 tenured generation   total 128384K, used 31481K [0x0000000782c00000, 0x000000078a960000, 0x0000000800000000)
   the space 128384K,  24% used [0x0000000782c00000, 0x0000000784abe538, 0x000000078a960000)
 Metaspace       used 70470K, committed 71616K, reserved 1114112K
  class space    used 10058K, committed 10496K, reserved 1048576K
}
Event: 415.610 GC heap before
{Heap before GC invocations=21 (full 6):
 def new generation   total 57856K, used 51456K [0x0000000744200000, 0x00000007480c0000, 0x0000000782c00000)
  eden space 51456K, 100% used [0x0000000744200000, 0x0000000747440000, 0x0000000747440000)
  from space 6400K,   0% used [0x0000000747a80000, 0x0000000747a80000, 0x00000007480c0000)
  to   space 6400K,   0% used [0x0000000747440000, 0x0000000747440000, 0x0000000747a80000)
 tenured generation   total 128384K, used 31481K [0x0000000782c00000, 0x000000078a960000, 0x0000000800000000)
   the space 128384K,  24% used [0x0000000782c00000, 0x0000000784abe538, 0x000000078a960000)
 Metaspace       used 70594K, committed 71616K, reserved 1114112K
  class space    used 10074K, committed 10496K, reserved 1048576K
}
Event: 415.618 GC heap after
{Heap after GC invocations=22 (full 6):
 def new generation   total 57856K, used 3863K [0x0000000744200000, 0x00000007480c0000, 0x0000000782c00000)
  eden space 51456K,   0% used [0x0000000744200000, 0x0000000744200000, 0x0000000747440000)
  from space 6400K,  60% used [0x0000000747440000, 0x0000000747805e40, 0x0000000747a80000)
  to   space 6400K,   0% used [0x0000000747a80000, 0x0000000747a80000, 0x00000007480c0000)
 tenured generation   total 128384K, used 31481K [0x0000000782c00000, 0x000000078a960000, 0x0000000800000000)
   the space 128384K,  24% used [0x0000000782c00000, 0x0000000784abe538, 0x000000078a960000)
 Metaspace       used 70594K, committed 71616K, reserved 1114112K
  class space    used 10074K, committed 10496K, reserved 1048576K
}

